outputs/logs/manifest-merger-debug-report.txt
-- Merging decision tree log ---
manifest
ADDED from src\main\AndroidManifest.xml:2:1-35:12
INJECTED from src\main\AndroidManifest.xml:2:1-35:12
INJECTED from src\main\AndroidManifest.xml:2:1-35:12
INJECTED from src\main\AndroidManifest.xml:2:1-35:12
MERGED from [com.mapbox.maps:android:10.10.0] AndroidManifest.xml:2:1-9:12
MERGED from [com.mapbox.common:okhttp:23.2.1] AndroidManifest.xml:2:1-9:12
MERGED from [com.mapbox.plugin:maps-annotation:10.10.0] AndroidManifest.xml:2:1-9:12
MERGED from [com.mapbox.extension:maps-localization:10.10.0] AndroidManifest.xml:2:1-9:12
MERGED from [com.mapbox.extension:maps-style:10.10.0] AndroidManifest.xml:2:1-9:12
MERGED from [com.mapbox.plugin:maps-logo:10.10.0] AndroidManifest.xml:2:1-9:12
MERGED from [com.mapbox.plugin:maps-compass:10.10.0] AndroidManifest.xml:2:1-9:12
MERGED from [com.mapbox.plugin:maps-gestures:10.10.0] AndroidManifest.xml:2:1-9:12
MERGED from [com.mapbox.plugin:maps-attribution:10.10.0] AndroidManifest.xml:2:1-9:12
MERGED from [com.mapbox.plugin:maps-viewport:10.10.0] AndroidManifest.xml:2:1-9:12
MERGED from [com.mapbox.plugin:maps-locationcomponent:10.10.0] AndroidManifest.xml:2:1-9:12
MERGED from [com.mapbox.plugin:maps-animation:10.10.0] AndroidManifest.xml:2:1-9:12
MERGED from [com.mapbox.plugin:maps-scalebar:10.10.0] AndroidManifest.xml:2:1-9:12
MERGED from [com.mapbox.plugin:maps-overlay:10.10.0] AndroidManifest.xml:2:1-9:12
MERGED from [com.mapbox.plugin:maps-lifecycle:10.10.0] AndroidManifest.xml:2:1-9:12
MERGED from [com.mapbox.module:maps-telemetry:10.10.0] AndroidManifest.xml:2:1-9:12
MERGED from [com.mapbox.maps:base:10.10.0] AndroidManifest.xml:2:1-9:12
MERGED from [com.mapbox.maps:android-core:10.10.0] AndroidManifest.xml:2:1-33:12
MERGED from [com.mapbox.common:common:23.2.1] AndroidManifest.xml:2:1-40:12
MERGED from [com.mapbox.mapboxsdk:mapbox-android-gestures:0.8.0] AndroidManifest.xml:2:1-9:12
MERGED from [com.google.android.material:material:1.7.0] AndroidManifest.xml:17:1-26:12
MERGED from [androidx.constraintlayout:constraintlayout:2.1.4] AndroidManifest.xml:2:1-11:12
MERGED from [androidx.appcompat:appcompat-resources:1.5.1] AndroidManifest.xml:17:1-22:12
MERGED from [androidx.appcompat:appcompat:1.5.1] AndroidManifest.xml:17:1-22:12
MERGED from [androidx.viewpager2:viewpager2:1.0.0] AndroidManifest.xml:17:1-24:12
MERGED from [androidx.fragment:fragment:1.3.6] AndroidManifest.xml:17:1-24:12
MERGED from [androidx.activity:activity:1.5.1] AndroidManifest.xml:17:1-24:12
MERGED from [androidx.dynamicanimation:dynamicanimation:1.0.0] AndroidManifest.xml:17:1-22:12
MERGED from [androidx.legacy:legacy-support-core-utils:1.0.0] AndroidManifest.xml:17:1-22:12
MERGED from [androidx.loader:loader:1.0.0] AndroidManifest.xml:17:1-22:12
MERGED from [androidx.lifecycle:lifecycle-viewmodel:2.5.1] AndroidManifest.xml:17:1-24:12
MERGED from [androidx.lifecycle:lifecycle-viewmodel-savedstate:2.5.1] AndroidManifest.xml:17:1-24:12
MERGED from [androidx.emoji2:emoji2-views-helper:1.2.0] AndroidManifest.xml:2:1-7:12
MERGED from [androidx.emoji2:emoji2:1.2.0] AndroidManifest.xml:17:1-35:12
MERGED from [androidx.drawerlayout:drawerlayout:1.1.1] AndroidManifest.xml:17:1-24:12
MERGED from [androidx.coordinatorlayout:coordinatorlayout:1.1.0] AndroidManifest.xml:17:1-24:12
MERGED from [androidx.transition:transition:1.2.0] AndroidManifest.xml:17:1-24:12
MERGED from [androidx.vectordrawable:vectordrawable-animated:1.1.0] AndroidManifest.xml:17:1-24:12
MERGED from [androidx.vectordrawable:vectordrawable:1.1.0] AndroidManifest.xml:17:1-24:12
MERGED from [androidx.viewpager:viewpager:1.0.0] AndroidManifest.xml:17:1-22:12
MERGED from [androidx.recyclerview:recyclerview:1.1.0] AndroidManifest.xml:17:1-24:12
MERGED from [androidx.customview:customview:1.1.0] AndroidManifest.xml:17:1-24:12
MERGED from [androidx.core:core:1.9.0] AndroidManifest.xml:17:1-30:12
MERGED from [androidx.core:core-ktx:1.9.0] AndroidManifest.xml:2:1-7:12
MERGED from [com.android.volley:volley:1.2.1] AndroidManifest.xml:2:1-7:12
MERGED from [com.mapbox.common:logger:0.8.0] AndroidManifest.xml:2:1-9:12
MERGED from [com.mapbox.common:loader:0.8.0] AndroidManifest.xml:2:1-9:12
MERGED from [com.mapbox.base:common:0.8.0] AndroidManifest.xml:2:1-9:12
MERGED from [androidx.savedstate:savedstate:1.2.0] AndroidManifest.xml:17:1-24:12
MERGED from [androidx.annotation:annotation-experimental:1.3.0] AndroidManifest.xml:17:1-22:12
MERGED from [androidx.cursoradapter:cursoradapter:1.0.0] AndroidManifest.xml:17:1-22:12
MERGED from [androidx.lifecycle:lifecycle-process:2.4.1] AndroidManifest.xml:17:1-37:12
MERGED from [androidx.lifecycle:lifecycle-runtime:2.5.1] AndroidManifest.xml:17:1-24:12
MERGED from [androidx.cardview:cardview:1.0.0] AndroidManifest.xml:17:1-22:12
MERGED from [androidx.versionedparcelable:versionedparcelable:1.1.1] AndroidManifest.xml:17:1-27:12
MERGED from [androidx.startup:startup-runtime:1.1.1] AndroidManifest.xml:17:1-33:12
MERGED from [androidx.tracing:tracing:1.0.0] AndroidManifest.xml:17:1-24:12
MERGED from [androidx.lifecycle:lifecycle-livedata:2.0.0] AndroidManifest.xml:17:1-22:12
MERGED from [androidx.lifecycle:lifecycle-livedata-core:2.5.1] AndroidManifest.xml:17:1-24:12
MERGED from [androidx.arch.core:core-runtime:2.1.0] AndroidManifest.xml:17:1-24:12
MERGED from [androidx.interpolator:interpolator:1.0.0] AndroidManifest.xml:17:1-22:12
MERGED from [androidx.documentfile:documentfile:1.0.0] AndroidManifest.xml:17:1-22:12
MERGED from [androidx.localbroadcastmanager:localbroadcastmanager:1.0.0] AndroidManifest.xml:17:1-22:12
MERGED from [androidx.print:print:1.0.0] AndroidManifest.xml:17:1-22:12
INJECTED from src\main\AndroidManifest.xml:2:1-35:12
INJECTED from src\main\AndroidManifest.xml:2:1-35:12
INJECTED from src\main\AndroidManifest.xml:2:1-35:12
	package
		INJECTED from src\main\AndroidManifest.xml
		ADDED from src\main\AndroidManifest.xml:2:1-35:12
		INJECTED from src\main\AndroidManifest.xml
	android:versionName
		INJECTED from src\main\AndroidManifest.xml
		ADDED from src\main\AndroidManifest.xml:2:1-35:12
		INJECTED from src\main\AndroidManifest.xml
	xmlns:tools
		ADDED from src\main\AndroidManifest.xml:3:5-51
	android:versionCode
		INJECTED from src\main\AndroidManifest.xml
		ADDED from src\main\AndroidManifest.xml:2:1-35:12
		INJECTED from src\main\AndroidManifest.xml
	xmlns:android
		ADDED from src\main\AndroidManifest.xml:2:11-69
uses-permission#android.permission.INTERNET
ADDED from src\main\AndroidManifest.xml:5:5-66
MERGED from [com.mapbox.maps:android-core:10.10.0] AndroidManifest.xml:17:5-67
MERGED from [com.mapbox.maps:android-core:10.10.0] AndroidManifest.xml:17:5-67
MERGED from [com.mapbox.common:common:23.2.1] AndroidManifest.xml:10:5-67
MERGED from [com.mapbox.common:common:23.2.1] AndroidManifest.xml:10:5-67
	android:name
		ADDED from src\main\AndroidManifest.xml:5:22-64
uses-permission#android.permission.ACCESS_FINE_LOCATION
ADDED from src\main\AndroidManifest.xml:6:5-79
	android:name
		ADDED from src\main\AndroidManifest.xml:6:22-76
uses-permission#android.permission.ACCESS_COARSE_LOCATION
ADDED from src\main\AndroidManifest.xml:7:5-81
	android:name
		ADDED from src\main\AndroidManifest.xml:7:22-78
application
ADDED from src\main\AndroidManifest.xml:9:5-33:19
MERGED from [com.mapbox.maps:android-core:10.10.0] AndroidManifest.xml:21:5-31:19
MERGED from [com.mapbox.maps:android-core:10.10.0] AndroidManifest.xml:21:5-31:19
MERGED from [com.mapbox.common:common:23.2.1] AndroidManifest.xml:13:5-38:19
MERGED from [com.mapbox.common:common:23.2.1] AndroidManifest.xml:13:5-38:19
MERGED from [com.google.android.material:material:1.7.0] AndroidManifest.xml:24:5-20
MERGED from [com.google.android.material:material:1.7.0] AndroidManifest.xml:24:5-20
MERGED from [androidx.constraintlayout:constraintlayout:2.1.4] AndroidManifest.xml:9:5-20
MERGED from [androidx.constraintlayout:constraintlayout:2.1.4] AndroidManifest.xml:9:5-20
MERGED from [androidx.emoji2:emoji2:1.2.0] AndroidManifest.xml:23:5-33:19
MERGED from [androidx.emoji2:emoji2:1.2.0] AndroidManifest.xml:23:5-33:19
MERGED from [androidx.core:core:1.9.0] AndroidManifest.xml:28:5-89
MERGED from [androidx.core:core:1.9.0] AndroidManifest.xml:28:5-89
MERGED from [androidx.lifecycle:lifecycle-process:2.4.1] AndroidManifest.xml:25:5-35:19
MERGED from [androidx.lifecycle:lifecycle-process:2.4.1] AndroidManifest.xml:25:5-35:19
MERGED from [androidx.versionedparcelable:versionedparcelable:1.1.1] AndroidManifest.xml:24:5-25:19
MERGED from [androidx.versionedparcelable:versionedparcelable:1.1.1] AndroidManifest.xml:24:5-25:19
MERGED from [androidx.startup:startup-runtime:1.1.1] AndroidManifest.xml:25:5-31:19
MERGED from [androidx.startup:startup-runtime:1.1.1] AndroidManifest.xml:25:5-31:19
	android:appComponentFactory
		ADDED from [androidx.core:core:1.9.0] AndroidManifest.xml:28:18-86
	android:supportsRtl
		ADDED from src\main\AndroidManifest.xml:17:9-35
	android:label
		ADDED from src\main\AndroidManifest.xml:15:9-41
	android:fullBackupContent
		ADDED from src\main\AndroidManifest.xml:13:9-54
	android:roundIcon
		ADDED from src\main\AndroidManifest.xml:16:9-47
	tools:targetApi
		ADDED from src\main\AndroidManifest.xml:19:9-29
	android:icon
		ADDED from src\main\AndroidManifest.xml:14:9-36
	android:allowBackup
		ADDED from src\main\AndroidManifest.xml:10:9-35
	android:theme
		ADDED from src\main\AndroidManifest.xml:18:9-51
	android:dataExtractionRules
		ADDED from src\main\AndroidManifest.xml:12:9-65
	android:usesCleartextTraffic
		ADDED from src\main\AndroidManifest.xml:11:9-44
activity#com.aletzis.planetexpress.MainActivity
ADDED from src\main\AndroidManifest.xml:20:9-32:20
	android:exported
		ADDED from src\main\AndroidManifest.xml:22:13-36
	android:name
		ADDED from src\main\AndroidManifest.xml:21:13-41
intent-filter#action:name:android.intent.action.MAIN+category:name:android.intent.category.LAUNCHER
ADDED from src\main\AndroidManifest.xml:23:13-27:29
action#android.intent.action.MAIN
ADDED from src\main\AndroidManifest.xml:24:17-69
	android:name
		ADDED from src\main\AndroidManifest.xml:24:25-66
category#android.intent.category.LAUNCHER
ADDED from src\main\AndroidManifest.xml:26:17-77
	android:name
		ADDED from src\main\AndroidManifest.xml:26:27-74
meta-data#android.app.lib_name
ADDED from src\main\AndroidManifest.xml:29:13-31:36
	android:value
		ADDED from src\main\AndroidManifest.xml:31:17-33
	android:name
		ADDED from src\main\AndroidManifest.xml:30:17-52
uses-sdk
INJECTED from src\main\AndroidManifest.xml reason: use-sdk injection requested
INJECTED from src\main\AndroidManifest.xml
INJECTED from src\main\AndroidManifest.xml
MERGED from [com.mapbox.maps:android:10.10.0] AndroidManifest.xml:5:5-7:41
MERGED from [com.mapbox.maps:android:10.10.0] AndroidManifest.xml:5:5-7:41
MERGED from [com.mapbox.common:okhttp:23.2.1] AndroidManifest.xml:5:5-7:41
MERGED from [com.mapbox.common:okhttp:23.2.1] AndroidManifest.xml:5:5-7:41
MERGED from [com.mapbox.plugin:maps-annotation:10.10.0] AndroidManifest.xml:5:5-7:41
MERGED from [com.mapbox.plugin:maps-annotation:10.10.0] AndroidManifest.xml:5:5-7:41
MERGED from [com.mapbox.extension:maps-localization:10.10.0] AndroidManifest.xml:5:5-7:41
MERGED from [com.mapbox.extension:maps-localization:10.10.0] AndroidManifest.xml:5:5-7:41
MERGED from [com.mapbox.extension:maps-style:10.10.0] AndroidManifest.xml:5:5-7:41
MERGED from [com.mapbox.extension:maps-style:10.10.0] AndroidManifest.xml:5:5-7:41
MERGED from [com.mapbox.plugin:maps-logo:10.10.0] AndroidManifest.xml:5:5-7:41
MERGED from [com.mapbox.plugin:maps-logo:10.10.0] AndroidManifest.xml:5:5-7:41
MERGED from [com.mapbox.plugin:maps-compass:10.10.0] AndroidManifest.xml:5:5-7:41
MERGED from [com.mapbox.plugin:maps-compass:10.10.0] AndroidManifest.xml:5:5-7:41
MERGED from [com.mapbox.plugin:maps-gestures:10.10.0] AndroidManifest.xml:5:5-7:41
MERGED from [com.mapbox.plugin:maps-gestures:10.10.0] AndroidManifest.xml:5:5-7:41
MERGED from [com.mapbox.plugin:maps-attribution:10.10.0] AndroidManifest.xml:5:5-7:41
MERGED from [com.mapbox.plugin:maps-attribution:10.10.0] AndroidManifest.xml:5:5-7:41
MERGED from [com.mapbox.plugin:maps-viewport:10.10.0] AndroidManifest.xml:5:5-7:41
MERGED from [com.mapbox.plugin:maps-viewport:10.10.0] AndroidManifest.xml:5:5-7:41
MERGED from [com.mapbox.plugin:maps-locationcomponent:10.10.0] AndroidManifest.xml:5:5-7:41
MERGED from [com.mapbox.plugin:maps-locationcomponent:10.10.0] AndroidManifest.xml:5:5-7:41
MERGED from [com.mapbox.plugin:maps-animation:10.10.0] AndroidManifest.xml:5:5-7:41
MERGED from [com.mapbox.plugin:maps-animation:10.10.0] AndroidManifest.xml:5:5-7:41
MERGED from [com.mapbox.plugin:maps-scalebar:10.10.0] AndroidManifest.xml:5:5-7:41
MERGED from [com.mapbox.plugin:maps-scalebar:10.10.0] AndroidManifest.xml:5:5-7:41
MERGED from [com.mapbox.plugin:maps-overlay:10.10.0] AndroidManifest.xml:5:5-7:41
MERGED from [com.mapbox.plugin:maps-overlay:10.10.0] AndroidManifest.xml:5:5-7:41
MERGED from [com.mapbox.plugin:maps-lifecycle:10.10.0] AndroidManifest.xml:5:5-7:41
MERGED from [com.mapbox.plugin:maps-lifecycle:10.10.0] AndroidManifest.xml:5:5-7:41
MERGED from [com.mapbox.module:maps-telemetry:10.10.0] AndroidManifest.xml:5:5-7:41
MERGED from [com.mapbox.module:maps-telemetry:10.10.0] AndroidManifest.xml:5:5-7:41
MERGED from [com.mapbox.maps:base:10.10.0] AndroidManifest.xml:5:5-7:41
MERGED from [com.mapbox.maps:base:10.10.0] AndroidManifest.xml:5:5-7:41
MERGED from [com.mapbox.maps:android-core:10.10.0] AndroidManifest.xml:6:5-8:41
MERGED from [com.mapbox.maps:android-core:10.10.0] AndroidManifest.xml:6:5-8:41
MERGED from [com.mapbox.common:common:23.2.1] AndroidManifest.xml:6:5-8:41
MERGED from [com.mapbox.common:common:23.2.1] AndroidManifest.xml:6:5-8:41
MERGED from [com.mapbox.mapboxsdk:mapbox-android-gestures:0.8.0] AndroidManifest.xml:5:5-7:41
MERGED from [com.mapbox.mapboxsdk:mapbox-android-gestures:0.8.0] AndroidManifest.xml:5:5-7:41
MERGED from [com.google.android.material:material:1.7.0] AndroidManifest.xml:20:5-22:41
MERGED from [com.google.android.material:material:1.7.0] AndroidManifest.xml:20:5-22:41
MERGED from [androidx.constraintlayout:constraintlayout:2.1.4] AndroidManifest.xml:5:5-7:41
MERGED from [androidx.constraintlayout:constraintlayout:2.1.4] AndroidManifest.xml:5:5-7:41
MERGED from [androidx.appcompat:appcompat-resources:1.5.1] AndroidManifest.xml:20:5-44
MERGED from [androidx.appcompat:appcompat-resources:1.5.1] AndroidManifest.xml:20:5-44
MERGED from [androidx.appcompat:appcompat:1.5.1] AndroidManifest.xml:20:5-44
MERGED from [androidx.appcompat:appcompat:1.5.1] AndroidManifest.xml:20:5-44
MERGED from [androidx.viewpager2:viewpager2:1.0.0] AndroidManifest.xml:20:5-22:41
MERGED from [androidx.viewpager2:viewpager2:1.0.0] AndroidManifest.xml:20:5-22:41
MERGED from [androidx.fragment:fragment:1.3.6] AndroidManifest.xml:20:5-22:41
MERGED from [androidx.fragment:fragment:1.3.6] AndroidManifest.xml:20:5-22:41
MERGED from [androidx.activity:activity:1.5.1] AndroidManifest.xml:20:5-22:41
MERGED from [androidx.activity:activity:1.5.1] AndroidManifest.xml:20:5-22:41
MERGED from [androidx.dynamicanimation:dynamicanimation:1.0.0] AndroidManifest.xml:20:5-44
MERGED from [androidx.dynamicanimation:dynamicanimation:1.0.0] AndroidManifest.xml:20:5-44
MERGED from [androidx.legacy:legacy-support-core-utils:1.0.0] AndroidManifest.xml:20:5-44
MERGED from [androidx.legacy:legacy-support-core-utils:1.0.0] AndroidManifest.xml:20:5-44
MERGED from [androidx.loader:loader:1.0.0] AndroidManifest.xml:20:5-44
MERGED from [androidx.loader:loader:1.0.0] AndroidManifest.xml:20:5-44
MERGED from [androidx.lifecycle:lifecycle-viewmodel:2.5.1] AndroidManifest.xml:20:5-22:41
MERGED from [androidx.lifecycle:lifecycle-viewmodel:2.5.1] AndroidManifest.xml:20:5-22:41
MERGED from [androidx.lifecycle:lifecycle-viewmodel-savedstate:2.5.1] AndroidManifest.xml:20:5-22:41
MERGED from [androidx.lifecycle:lifecycle-viewmodel-savedstate:2.5.1] AndroidManifest.xml:20:5-22:41
MERGED from [androidx.emoji2:emoji2-views-helper:1.2.0] AndroidManifest.xml:5:5-44
MERGED from [androidx.emoji2:emoji2-views-helper:1.2.0] AndroidManifest.xml:5:5-44
MERGED from [androidx.emoji2:emoji2:1.2.0] AndroidManifest.xml:21:5-44
MERGED from [androidx.emoji2:emoji2:1.2.0] AndroidManifest.xml:21:5-44
MERGED from [androidx.drawerlayout:drawerlayout:1.1.1] AndroidManifest.xml:20:5-22:41
MERGED from [androidx.drawerlayout:drawerlayout:1.1.1] AndroidManifest.xml:20:5-22:41
MERGED from [androidx.coordinatorlayout:coordinatorlayout:1.1.0] AndroidManifest.xml:20:5-22:41
MERGED from [androidx.coordinatorlayout:coordinatorlayout:1.1.0] AndroidManifest.xml:20:5-22:41
MERGED from [androidx.transition:transition:1.2.0] AndroidManifest.xml:20:5-22:41
MERGED from [androidx.transition:transition:1.2.0] AndroidManifest.xml:20:5-22:41
MERGED from [androidx.vectordrawable:vectordrawable-animated:1.1.0] AndroidManifest.xml:20:5-22:41
MERGED from [androidx.vectordrawable:vectordrawable-animated:1.1.0] AndroidManifest.xml:20:5-22:41
MERGED from [androidx.vectordrawable:vectordrawable:1.1.0] AndroidManifest.xml:20:5-22:41
MERGED from [androidx.vectordrawable:vectordrawable:1.1.0] AndroidManifest.xml:20:5-22:41
MERGED from [androidx.viewpager:viewpager:1.0.0] AndroidManifest.xml:20:5-44
MERGED from [androidx.viewpager:viewpager:1.0.0] AndroidManifest.xml:20:5-44
MERGED from [androidx.recyclerview:recyclerview:1.1.0] AndroidManifest.xml:20:5-22:41
MERGED from [androidx.recyclerview:recyclerview:1.1.0] AndroidManifest.xml:20:5-22:41
MERGED from [androidx.customview:customview:1.1.0] AndroidManifest.xml:20:5-22:41
MERGED from [androidx.customview:customview:1.1.0] AndroidManifest.xml:20:5-22:41
MERGED from [androidx.core:core:1.9.0] AndroidManifest.xml:20:5-44
MERGED from [androidx.core:core:1.9.0] AndroidManifest.xml:20:5-44
MERGED from [androidx.core:core-ktx:1.9.0] AndroidManifest.xml:5:5-44
MERGED from [androidx.core:core-ktx:1.9.0] AndroidManifest.xml:5:5-44
MERGED from [com.android.volley:volley:1.2.1] AndroidManifest.xml:5:5-43
MERGED from [com.android.volley:volley:1.2.1] AndroidManifest.xml:5:5-43
MERGED from [com.mapbox.common:logger:0.8.0] AndroidManifest.xml:5:5-7:41
MERGED from [com.mapbox.common:logger:0.8.0] AndroidManifest.xml:5:5-7:41
MERGED from [com.mapbox.common:loader:0.8.0] AndroidManifest.xml:5:5-7:41
MERGED from [com.mapbox.common:loader:0.8.0] AndroidManifest.xml:5:5-7:41
MERGED from [com.mapbox.base:common:0.8.0] AndroidManifest.xml:5:5-7:41
MERGED from [com.mapbox.base:common:0.8.0] AndroidManifest.xml:5:5-7:41
MERGED from [androidx.savedstate:savedstate:1.2.0] AndroidManifest.xml:20:5-22:41
MERGED from [androidx.savedstate:savedstate:1.2.0] AndroidManifest.xml:20:5-22:41
MERGED from [androidx.annotation:annotation-experimental:1.3.0] AndroidManifest.xml:20:5-44
MERGED from [androidx.annotation:annotation-experimental:1.3.0] AndroidManifest.xml:20:5-44
MERGED from [androidx.cursoradapter:cursoradapter:1.0.0] AndroidManifest.xml:20:5-44
MERGED from [androidx.cursoradapter:cursoradapter:1.0.0] AndroidManifest.xml:20:5-44
MERGED from [androidx.lifecycle:lifecycle-process:2.4.1] AndroidManifest.xml:21:5-23:41
MERGED from [androidx.lifecycle:lifecycle-process:2.4.1] AndroidManifest.xml:21:5-23:41
MERGED from [androidx.lifecycle:lifecycle-runtime:2.5.1] AndroidManifest.xml:20:5-22:41
MERGED from [androidx.lifecycle:lifecycle-runtime:2.5.1] AndroidManifest.xml:20:5-22:41
MERGED from [androidx.cardview:cardview:1.0.0] AndroidManifest.xml:20:5-44
MERGED from [androidx.cardview:cardview:1.0.0] AndroidManifest.xml:20:5-44
MERGED from [androidx.versionedparcelable:versionedparcelable:1.1.1] AndroidManifest.xml:20:5-22:41
MERGED from [androidx.versionedparcelable:versionedparcelable:1.1.1] AndroidManifest.xml:20:5-22:41
MERGED from [androidx.startup:startup-runtime:1.1.1] AndroidManifest.xml:21:5-23:41
MERGED from [androidx.startup:startup-runtime:1.1.1] AndroidManifest.xml:21:5-23:41
MERGED from [androidx.tracing:tracing:1.0.0] AndroidManifest.xml:20:5-22:41
MERGED from [androidx.tracing:tracing:1.0.0] AndroidManifest.xml:20:5-22:41
MERGED from [androidx.lifecycle:lifecycle-livedata:2.0.0] AndroidManifest.xml:20:5-44
MERGED from [androidx.lifecycle:lifecycle-livedata:2.0.0] AndroidManifest.xml:20:5-44
MERGED from [androidx.lifecycle:lifecycle-livedata-core:2.5.1] AndroidManifest.xml:20:5-22:41
MERGED from [androidx.lifecycle:lifecycle-livedata-core:2.5.1] AndroidManifest.xml:20:5-22:41
MERGED from [androidx.arch.core:core-runtime:2.1.0] AndroidManifest.xml:20:5-22:41
MERGED from [androidx.arch.core:core-runtime:2.1.0] AndroidManifest.xml:20:5-22:41
MERGED from [androidx.interpolator:interpolator:1.0.0] AndroidManifest.xml:20:5-44
MERGED from [androidx.interpolator:interpolator:1.0.0] AndroidManifest.xml:20:5-44
MERGED from [androidx.documentfile:documentfile:1.0.0] AndroidManifest.xml:20:5-44
MERGED from [androidx.documentfile:documentfile:1.0.0] AndroidManifest.xml:20:5-44
MERGED from [androidx.localbroadcastmanager:localbroadcastmanager:1.0.0] AndroidManifest.xml:20:5-44
MERGED from [androidx.localbroadcastmanager:localbroadcastmanager:1.0.0] AndroidManifest.xml:20:5-44
MERGED from [androidx.print:print:1.0.0] AndroidManifest.xml:20:5-44
MERGED from [androidx.print:print:1.0.0] AndroidManifest.xml:20:5-44
INJECTED from src\main\AndroidManifest.xml
INJECTED from src\main\AndroidManifest.xml
	android:targetSdkVersion
		INJECTED from src\main\AndroidManifest.xml
		ADDED from src\main\AndroidManifest.xml
		INJECTED from src\main\AndroidManifest.xml
	android:minSdkVersion
		INJECTED from src\main\AndroidManifest.xml
		ADDED from src\main\AndroidManifest.xml
		INJECTED from src\main\AndroidManifest.xml
uses-feature#0x00020000
ADDED from [com.mapbox.maps:android-core:10.10.0] AndroidManifest.xml:10:5-12:35
	android:glEsVersion
		ADDED from [com.mapbox.maps:android-core:10.10.0] AndroidManifest.xml:11:9-41
	android:required
		ADDED from [com.mapbox.maps:android-core:10.10.0] AndroidManifest.xml:12:9-32
uses-feature#android.hardware.wifi
ADDED from [com.mapbox.maps:android-core:10.10.0] AndroidManifest.xml:13:5-15:36
	android:required
		ADDED from [com.mapbox.maps:android-core:10.10.0] AndroidManifest.xml:15:9-33
	android:name
		ADDED from [com.mapbox.maps:android-core:10.10.0] AndroidManifest.xml:14:9-45
uses-permission#android.permission.ACCESS_NETWORK_STATE
ADDED from [com.mapbox.maps:android-core:10.10.0] AndroidManifest.xml:18:5-79
MERGED from [com.mapbox.common:common:23.2.1] AndroidManifest.xml:11:5-79
MERGED from [com.mapbox.common:common:23.2.1] AndroidManifest.xml:11:5-79
	android:name
		ADDED from [com.mapbox.maps:android-core:10.10.0] AndroidManifest.xml:18:22-76
uses-permission#android.permission.ACCESS_WIFI_STATE
ADDED from [com.mapbox.maps:android-core:10.10.0] AndroidManifest.xml:19:5-76
	android:name
		ADDED from [com.mapbox.maps:android-core:10.10.0] AndroidManifest.xml:19:22-73
provider#androidx.startup.InitializationProvider
ADDED from [com.mapbox.maps:android-core:10.10.0] AndroidManifest.xml:22:9-30:20
MERGED from [com.mapbox.common:common:23.2.1] AndroidManifest.xml:14:9-24:20
MERGED from [com.mapbox.common:common:23.2.1] AndroidManifest.xml:14:9-24:20
MERGED from [androidx.emoji2:emoji2:1.2.0] AndroidManifest.xml:24:9-32:20
MERGED from [androidx.emoji2:emoji2:1.2.0] AndroidManifest.xml:24:9-32:20
MERGED from [androidx.lifecycle:lifecycle-process:2.4.1] AndroidManifest.xml:26:9-34:20
MERGED from [androidx.lifecycle:lifecycle-process:2.4.1] AndroidManifest.xml:26:9-34:20
MERGED from [androidx.startup:startup-runtime:1.1.1] AndroidManifest.xml:26:9-30:34
MERGED from [androidx.startup:startup-runtime:1.1.1] AndroidManifest.xml:26:9-30:34
	tools:node
		ADDED from [com.mapbox.maps:android-core:10.10.0] AndroidManifest.xml:26:13-31
	android:authorities
		ADDED from [com.mapbox.maps:android-core:10.10.0] AndroidManifest.xml:24:13-68
	android:exported
		ADDED from [com.mapbox.maps:android-core:10.10.0] AndroidManifest.xml:25:13-37
	android:name
		ADDED from [com.mapbox.maps:android-core:10.10.0] AndroidManifest.xml:23:13-67
meta-data#com.mapbox.maps.loader.MapboxMapsInitializer
ADDED from [com.mapbox.maps:android-core:10.10.0] AndroidManifest.xml:27:13-29:52
	android:value
		ADDED from [com.mapbox.maps:android-core:10.10.0] AndroidManifest.xml:29:17-49
	android:name
		ADDED from [com.mapbox.maps:android-core:10.10.0] AndroidManifest.xml:28:17-76
meta-data#com.mapbox.common.MapboxSDKCommonInitializer
ADDED from [com.mapbox.common:common:23.2.1] AndroidManifest.xml:21:13-23:52
	android:value
		ADDED from [com.mapbox.common:common:23.2.1] AndroidManifest.xml:23:17-49
	android:name
		ADDED from [com.mapbox.common:common:23.2.1] AndroidManifest.xml:22:17-76
receiver#com.mapbox.common.location.LocationUpdatesReceiver
ADDED from [com.mapbox.common:common:23.2.1] AndroidManifest.xml:26:9-33:20
	android:enabled
		ADDED from [com.mapbox.common:common:23.2.1] AndroidManifest.xml:28:13-35
	android:exported
		ADDED from [com.mapbox.common:common:23.2.1] AndroidManifest.xml:29:13-37
	android:name
		ADDED from [com.mapbox.common:common:23.2.1] AndroidManifest.xml:27:13-78
intent-filter#action:name:com.mapbox.common.location.LocationUpdatesReceiver.ACTION_PROCESS_LOCATION_UPDATES
ADDED from [com.mapbox.common:common:23.2.1] AndroidManifest.xml:30:13-32:29
action#com.mapbox.common.location.LocationUpdatesReceiver.ACTION_PROCESS_LOCATION_UPDATES
ADDED from [com.mapbox.common:common:23.2.1] AndroidManifest.xml:31:17-125
	android:name
		ADDED from [com.mapbox.common:common:23.2.1] AndroidManifest.xml:31:25-122
service#com.mapbox.common.LifecycleService
ADDED from [com.mapbox.common:common:23.2.1] AndroidManifest.xml:35:9-37:40
	android:exported
		ADDED from [com.mapbox.common:common:23.2.1] AndroidManifest.xml:37:13-37
	android:name
		ADDED from [com.mapbox.common:common:23.2.1] AndroidManifest.xml:36:13-62
meta-data#androidx.emoji2.text.EmojiCompatInitializer
ADDED from [androidx.emoji2:emoji2:1.2.0] AndroidManifest.xml:29:13-31:52
	android:value
		ADDED from [androidx.emoji2:emoji2:1.2.0] AndroidManifest.xml:31:17-49
	android:name
		ADDED from [androidx.emoji2:emoji2:1.2.0] AndroidManifest.xml:30:17-75
permission#${applicationId}.DYNAMIC_RECEIVER_NOT_EXPORTED_PERMISSION
ADDED from [androidx.core:core:1.9.0] AndroidManifest.xml:22:5-24:47
	android:protectionLevel
		ADDED from [androidx.core:core:1.9.0] AndroidManifest.xml:24:9-44
	android:name
		ADDED from [androidx.core:core:1.9.0] AndroidManifest.xml:23:9-81
permission#com.aletzis.planetexpress.DYNAMIC_RECEIVER_NOT_EXPORTED_PERMISSION
ADDED from [androidx.core:core:1.9.0] AndroidManifest.xml:22:5-24:47
	android:protectionLevel
		ADDED from [androidx.core:core:1.9.0] AndroidManifest.xml:24:9-44
	android:name
		ADDED from [androidx.core:core:1.9.0] AndroidManifest.xml:23:9-81
uses-permission#${applicationId}.DYNAMIC_RECEIVER_NOT_EXPORTED_PERMISSION
ADDED from [androidx.core:core:1.9.0] AndroidManifest.xml:26:5-97
	android:name
		ADDED from [androidx.core:core:1.9.0] AndroidManifest.xml:26:22-94
uses-permission#com.aletzis.planetexpress.DYNAMIC_RECEIVER_NOT_EXPORTED_PERMISSION
ADDED from [androidx.core:core:1.9.0] AndroidManifest.xml:26:5-97
	android:name
		ADDED from [androidx.core:core:1.9.0] AndroidManifest.xml:26:22-94
meta-data#androidx.lifecycle.ProcessLifecycleInitializer
ADDED from [androidx.lifecycle:lifecycle-process:2.4.1] AndroidManifest.xml:31:13-33:52
	android:value
		ADDED from [androidx.lifecycle:lifecycle-process:2.4.1] AndroidManifest.xml:33:17-49
	android:name
		ADDED from [androidx.lifecycle:lifecycle-process:2.4.1] AndroidManifest.xml:32:17-78